2022-12-03 09:52:51,565 INFO org.hibernate.validator.internal.util.Version [background-preinit] HV000001: Hibernate Validator 6.2.0.Final
2022-12-03 09:52:51,583 INFO org.springframework.boot.StartupInfoLogger [main] Starting TransactionsApplication using Java 17.0.4.1 on N-20L6PF1MC67W with PID 27520 (C:\riruiz\workspace\f5\transactions\target\classes started by riruiz in C:\riruiz\workspace\f5\transactions)
2022-12-03 09:52:51,584 DEBUG org.springframework.boot.StartupInfoLogger [main] Running with Spring Boot v2.5.7, Spring v5.3.13
2022-12-03 09:52:51,585 INFO org.springframework.boot.SpringApplication [main] No active profile set, falling back to default profiles: default
2022-12-03 09:52:52,982 INFO org.springframework.data.repository.config.RepositoryConfigurationDelegate [main] Bootstrapping Spring Data JPA repositories in DEFAULT mode.
2022-12-03 09:52:53,247 INFO org.springframework.data.repository.config.RepositoryConfigurationDelegate [main] Finished Spring Data repository scanning in 242 ms. Found 3 JPA repository interfaces.
2022-12-03 09:52:53,925 INFO org.springframework.cloud.context.scope.GenericScope [main] BeanFactory id=ab2f6cad-3dc9-3619-830f-7f2b8eb7f287
2022-12-03 09:52:55,206 INFO org.springframework.boot.web.embedded.tomcat.TomcatWebServer [main] Tomcat initialized with port(s): 8081 (http)
2022-12-03 09:52:55,227 INFO org.apache.juli.logging.DirectJDKLog [main] Initializing ProtocolHandler ["http-nio-8081"]
2022-12-03 09:52:55,228 INFO org.apache.juli.logging.DirectJDKLog [main] Starting service [Tomcat]
2022-12-03 09:52:55,229 INFO org.apache.juli.logging.DirectJDKLog [main] Starting Servlet engine: [Apache Tomcat/9.0.55]
2022-12-03 09:52:55,802 INFO org.apache.juli.logging.DirectJDKLog [main] Initializing Spring embedded WebApplicationContext
2022-12-03 09:52:55,803 INFO org.springframework.boot.web.servlet.context.ServletWebServerApplicationContext [main] Root WebApplicationContext: initialization completed in 4142 ms
2022-12-03 09:52:56,373 WARN org.springframework.cloud.sleuth.autoconfig.zipkin2.ZipkinAutoConfiguration [main] Check result of the [RestTemplateSender{http://localhost:9411/api/v2/spans}] contains an error [CheckResult{ok=false, error=org.springframework.web.client.ResourceAccessException: I/O error on POST request for "http://localhost:9411/api/v2/spans": Connection refused: no further information; nested exception is java.net.ConnectException: Connection refused: no further information}]
2022-12-03 09:52:56,891 INFO org.hibernate.jpa.internal.util.LogHelper [main] HHH000204: Processing PersistenceUnitInfo [name: default]
2022-12-03 09:52:57,045 INFO org.hibernate.Version [main] HHH000412: Hibernate ORM core version 5.4.32.Final
2022-12-03 09:52:57,400 INFO org.hibernate.annotations.common.reflection.java.JavaReflectionManager [main] HCANN000001: Hibernate Commons Annotations {5.1.2.Final}
2022-12-03 09:52:57,698 INFO com.zaxxer.hikari.HikariDataSource [main] HikariPool-1 - Starting...
2022-12-03 09:53:00,082 INFO com.zaxxer.hikari.HikariDataSource [main] HikariPool-1 - Start completed.
2022-12-03 09:53:00,115 INFO org.hibernate.dialect.Dialect [main] HHH000400: Using dialect: org.hibernate.dialect.MySQL8Dialect
2022-12-03 09:53:02,168 INFO org.hibernate.engine.transaction.jta.platform.internal.JtaPlatformInitiator [main] HHH000490: Using JtaPlatform implementation: [org.hibernate.engine.transaction.jta.platform.internal.NoJtaPlatform]
2022-12-03 09:53:02,185 INFO org.springframework.orm.jpa.AbstractEntityManagerFactoryBean [main] Initialized JPA EntityManagerFactory for persistence unit 'default'
2022-12-03 09:53:03,252 WARN org.springframework.boot.autoconfigure.orm.jpa.JpaBaseConfiguration$JpaWebConfiguration [main] spring.jpa.open-in-view is enabled by default. Therefore, database queries may be performed during view rendering. Explicitly configure spring.jpa.open-in-view to disable this warning
2022-12-03 09:53:04,717 INFO org.springframework.cloud.netflix.eureka.config.DiscoveryClientOptionalArgsConfiguration [main] Eureka HTTP Client uses RestTemplate.
2022-12-03 09:53:05,798 WARN org.springframework.cloud.loadbalancer.config.LoadBalancerCacheAutoConfiguration$LoadBalancerCaffeineWarnLogger [main] Spring Cloud LoadBalancer is currently working with the default cache. You can switch to using Caffeine cache, by adding it and org.springframework.cache.caffeine.CaffeineCacheManager to the classpath.
2022-12-03 09:53:05,898 INFO org.springframework.cloud.netflix.eureka.InstanceInfoFactory [main] Setting initial instance status as: STARTING
2022-12-03 09:53:06,039 INFO com.netflix.discovery.DiscoveryClient [main] Initializing Eureka in region us-east-1
2022-12-03 09:53:06,049 INFO com.netflix.discovery.shared.resolver.aws.ConfigClusterResolver [main] Resolving eureka endpoints via configuration
2022-12-03 09:53:06,104 INFO com.netflix.discovery.DiscoveryClient [main] Disable delta property : false
2022-12-03 09:53:06,104 INFO com.netflix.discovery.DiscoveryClient [main] Single vip registry refresh property : null
2022-12-03 09:53:06,105 INFO com.netflix.discovery.DiscoveryClient [main] Force full registry fetch : false
2022-12-03 09:53:06,105 INFO com.netflix.discovery.DiscoveryClient [main] Application is null : false
2022-12-03 09:53:06,106 INFO com.netflix.discovery.DiscoveryClient [main] Registered Applications size is zero : true
2022-12-03 09:53:06,106 INFO com.netflix.discovery.DiscoveryClient [main] Application version is -1: true
2022-12-03 09:53:06,106 INFO com.netflix.discovery.DiscoveryClient [main] Getting all instance registry info from the eureka server
2022-12-03 09:53:06,590 INFO com.netflix.discovery.DiscoveryClient [main] The response status is 200
2022-12-03 09:53:06,594 INFO com.netflix.discovery.DiscoveryClient [main] Starting heartbeat executor: renew interval is: 30
2022-12-03 09:53:06,599 INFO com.netflix.discovery.InstanceInfoReplicator [main] InstanceInfoReplicator onDemand update allowed rate per min is 4
2022-12-03 09:53:06,613 INFO com.netflix.discovery.DiscoveryClient [main] Discovery Client initialized at timestamp 1670082786611 with initial instances count: 0
2022-12-03 09:53:06,624 INFO org.springframework.cloud.netflix.eureka.serviceregistry.EurekaServiceRegistry [main] Registering application TRANSACTIONS with eureka with status UP
2022-12-03 09:53:06,627 INFO com.netflix.discovery.DiscoveryClient$3 [main] Saw local status change event StatusChangeEvent [timestamp=1670082786627, current=UP, previous=STARTING]
2022-12-03 09:53:06,634 INFO com.netflix.discovery.DiscoveryClient [DiscoveryClient-InstanceInfoReplicator-0] DiscoveryClient_TRANSACTIONS/host.docker.internal:transactions:8081: registering service...
2022-12-03 09:53:06,634 INFO org.apache.juli.logging.DirectJDKLog [main] Starting ProtocolHandler ["http-nio-8081"]
2022-12-03 09:53:06,710 INFO org.springframework.boot.web.embedded.tomcat.TomcatWebServer [main] Tomcat started on port(s): 8081 (http) with context path ''
2022-12-03 09:53:06,712 INFO org.springframework.cloud.netflix.eureka.serviceregistry.EurekaAutoServiceRegistration [main] Updating port to 8081
2022-12-03 09:53:06,861 INFO com.netflix.discovery.DiscoveryClient [DiscoveryClient-InstanceInfoReplicator-0] DiscoveryClient_TRANSACTIONS/host.docker.internal:transactions:8081 - registration status: 204
2022-12-03 09:53:07,289 INFO org.springframework.boot.StartupInfoLogger [main] Started TransactionsApplication in 16.967 seconds (JVM running for 18.781)
2022-12-03 09:53:36,609 INFO com.netflix.discovery.DiscoveryClient [DiscoveryClient-CacheRefreshExecutor-0] Disable delta property : false
2022-12-03 09:53:36,610 INFO com.netflix.discovery.DiscoveryClient [DiscoveryClient-CacheRefreshExecutor-0] Single vip registry refresh property : null
2022-12-03 09:53:36,611 INFO com.netflix.discovery.DiscoveryClient [DiscoveryClient-CacheRefreshExecutor-0] Force full registry fetch : false
2022-12-03 09:53:36,614 INFO com.netflix.discovery.DiscoveryClient [DiscoveryClient-CacheRefreshExecutor-0] Application is null : false
2022-12-03 09:53:36,616 INFO com.netflix.discovery.DiscoveryClient [DiscoveryClient-CacheRefreshExecutor-0] Registered Applications size is zero : true
2022-12-03 09:53:36,617 INFO com.netflix.discovery.DiscoveryClient [DiscoveryClient-CacheRefreshExecutor-0] Application version is -1: false
2022-12-03 09:53:36,617 INFO com.netflix.discovery.DiscoveryClient [DiscoveryClient-CacheRefreshExecutor-0] Getting all instance registry info from the eureka server
2022-12-03 09:53:36,666 INFO com.netflix.discovery.DiscoveryClient [DiscoveryClient-CacheRefreshExecutor-0] The response status is 200
2022-12-03 09:54:33,919 INFO org.hibernate.validator.internal.util.Version [background-preinit] HV000001: Hibernate Validator 6.2.0.Final
2022-12-03 09:54:33,935 INFO org.springframework.boot.StartupInfoLogger [main] Starting TransactionsApplication using Java 17.0.4.1 on N-20L6PF1MC67W with PID 22548 (C:\riruiz\workspace\f5\transactions\target\classes started by riruiz in C:\riruiz\workspace\f5\transactions)
2022-12-03 09:54:33,936 DEBUG org.springframework.boot.StartupInfoLogger [main] Running with Spring Boot v2.5.7, Spring v5.3.13
2022-12-03 09:54:33,937 INFO org.springframework.boot.SpringApplication [main] No active profile set, falling back to default profiles: default
2022-12-03 09:54:35,429 INFO org.springframework.data.repository.config.RepositoryConfigurationDelegate [main] Bootstrapping Spring Data JPA repositories in DEFAULT mode.
2022-12-03 09:54:35,706 INFO org.springframework.data.repository.config.RepositoryConfigurationDelegate [main] Finished Spring Data repository scanning in 254 ms. Found 3 JPA repository interfaces.
2022-12-03 09:54:36,468 INFO org.springframework.cloud.context.scope.GenericScope [main] BeanFactory id=ab2f6cad-3dc9-3619-830f-7f2b8eb7f287
2022-12-03 09:54:38,373 INFO org.springframework.boot.web.embedded.tomcat.TomcatWebServer [main] Tomcat initialized with port(s): 8081 (http)
2022-12-03 09:54:38,384 INFO org.apache.juli.logging.DirectJDKLog [main] Initializing ProtocolHandler ["http-nio-8081"]
2022-12-03 09:54:38,385 INFO org.apache.juli.logging.DirectJDKLog [main] Starting service [Tomcat]
2022-12-03 09:54:38,386 INFO org.apache.juli.logging.DirectJDKLog [main] Starting Servlet engine: [Apache Tomcat/9.0.55]
2022-12-03 09:54:38,937 INFO org.apache.juli.logging.DirectJDKLog [main] Initializing Spring embedded WebApplicationContext
2022-12-03 09:54:38,938 INFO org.springframework.boot.web.servlet.context.ServletWebServerApplicationContext [main] Root WebApplicationContext: initialization completed in 4910 ms
2022-12-03 09:54:39,712 WARN org.springframework.cloud.sleuth.autoconfig.zipkin2.ZipkinAutoConfiguration [main] Check result of the [RestTemplateSender{http://localhost:9411/api/v2/spans}] contains an error [CheckResult{ok=false, error=org.springframework.web.client.ResourceAccessException: I/O error on POST request for "http://localhost:9411/api/v2/spans": Connection refused: no further information; nested exception is java.net.ConnectException: Connection refused: no further information}]
2022-12-03 09:54:40,315 INFO org.hibernate.jpa.internal.util.LogHelper [main] HHH000204: Processing PersistenceUnitInfo [name: default]
2022-12-03 09:54:40,429 INFO org.hibernate.Version [main] HHH000412: Hibernate ORM core version 5.4.32.Final
2022-12-03 09:54:40,711 INFO org.hibernate.annotations.common.reflection.java.JavaReflectionManager [main] HCANN000001: Hibernate Commons Annotations {5.1.2.Final}
2022-12-03 09:54:40,950 INFO com.zaxxer.hikari.HikariDataSource [main] HikariPool-1 - Starting...
2022-12-03 09:54:42,779 INFO com.zaxxer.hikari.HikariDataSource [main] HikariPool-1 - Start completed.
2022-12-03 09:54:42,813 INFO org.hibernate.dialect.Dialect [main] HHH000400: Using dialect: org.hibernate.dialect.MySQL8Dialect
2022-12-03 09:54:45,114 INFO org.hibernate.engine.transaction.jta.platform.internal.JtaPlatformInitiator [main] HHH000490: Using JtaPlatform implementation: [org.hibernate.engine.transaction.jta.platform.internal.NoJtaPlatform]
2022-12-03 09:54:45,146 INFO org.springframework.orm.jpa.AbstractEntityManagerFactoryBean [main] Initialized JPA EntityManagerFactory for persistence unit 'default'
2022-12-03 09:54:46,089 WARN org.springframework.boot.autoconfigure.orm.jpa.JpaBaseConfiguration$JpaWebConfiguration [main] spring.jpa.open-in-view is enabled by default. Therefore, database queries may be performed during view rendering. Explicitly configure spring.jpa.open-in-view to disable this warning
2022-12-03 09:54:47,830 INFO org.springframework.cloud.netflix.eureka.config.DiscoveryClientOptionalArgsConfiguration [main] Eureka HTTP Client uses RestTemplate.
2022-12-03 09:54:49,153 WARN org.springframework.cloud.loadbalancer.config.LoadBalancerCacheAutoConfiguration$LoadBalancerCaffeineWarnLogger [main] Spring Cloud LoadBalancer is currently working with the default cache. You can switch to using Caffeine cache, by adding it and org.springframework.cache.caffeine.CaffeineCacheManager to the classpath.
2022-12-03 09:54:49,261 INFO org.springframework.cloud.netflix.eureka.InstanceInfoFactory [main] Setting initial instance status as: STARTING
2022-12-03 09:54:49,430 INFO com.netflix.discovery.DiscoveryClient [main] Initializing Eureka in region us-east-1
2022-12-03 09:54:49,442 INFO com.netflix.discovery.shared.resolver.aws.ConfigClusterResolver [main] Resolving eureka endpoints via configuration
2022-12-03 09:54:49,499 INFO com.netflix.discovery.DiscoveryClient [main] Disable delta property : false
2022-12-03 09:54:49,500 INFO com.netflix.discovery.DiscoveryClient [main] Single vip registry refresh property : null
2022-12-03 09:54:49,500 INFO com.netflix.discovery.DiscoveryClient [main] Force full registry fetch : false
2022-12-03 09:54:49,500 INFO com.netflix.discovery.DiscoveryClient [main] Application is null : false
2022-12-03 09:54:49,501 INFO com.netflix.discovery.DiscoveryClient [main] Registered Applications size is zero : true
2022-12-03 09:54:49,502 INFO com.netflix.discovery.DiscoveryClient [main] Application version is -1: true
2022-12-03 09:54:49,502 INFO com.netflix.discovery.DiscoveryClient [main] Getting all instance registry info from the eureka server
2022-12-03 09:54:50,052 INFO com.netflix.discovery.DiscoveryClient [main] The response status is 200
2022-12-03 09:54:50,055 INFO com.netflix.discovery.DiscoveryClient [main] Starting heartbeat executor: renew interval is: 30
2022-12-03 09:54:50,061 INFO com.netflix.discovery.InstanceInfoReplicator [main] InstanceInfoReplicator onDemand update allowed rate per min is 4
2022-12-03 09:54:50,072 INFO com.netflix.discovery.DiscoveryClient [main] Discovery Client initialized at timestamp 1670082890069 with initial instances count: 0
2022-12-03 09:54:50,090 INFO org.springframework.cloud.netflix.eureka.serviceregistry.EurekaServiceRegistry [main] Registering application TRANSACTIONS with eureka with status UP
2022-12-03 09:54:50,092 INFO com.netflix.discovery.DiscoveryClient$3 [main] Saw local status change event StatusChangeEvent [timestamp=1670082890092, current=UP, previous=STARTING]
2022-12-03 09:54:50,096 INFO com.netflix.discovery.DiscoveryClient [DiscoveryClient-InstanceInfoReplicator-0] DiscoveryClient_TRANSACTIONS/host.docker.internal:transactions:8081: registering service...
2022-12-03 09:54:50,097 INFO org.apache.juli.logging.DirectJDKLog [main] Starting ProtocolHandler ["http-nio-8081"]
2022-12-03 09:54:50,174 INFO org.springframework.boot.web.embedded.tomcat.TomcatWebServer [main] Tomcat started on port(s): 8081 (http) with context path ''
2022-12-03 09:54:50,175 INFO org.springframework.cloud.netflix.eureka.serviceregistry.EurekaAutoServiceRegistration [main] Updating port to 8081
2022-12-03 09:54:50,371 INFO com.netflix.discovery.DiscoveryClient [DiscoveryClient-InstanceInfoReplicator-0] DiscoveryClient_TRANSACTIONS/host.docker.internal:transactions:8081 - registration status: 204
2022-12-03 09:54:50,899 INFO org.springframework.boot.StartupInfoLogger [main] Started TransactionsApplication in 18.212 seconds (JVM running for 19.902)
2022-12-03 09:55:20,057 INFO com.netflix.discovery.DiscoveryClient [DiscoveryClient-CacheRefreshExecutor-0] Disable delta property : false
2022-12-03 09:55:20,058 INFO com.netflix.discovery.DiscoveryClient [DiscoveryClient-CacheRefreshExecutor-0] Single vip registry refresh property : null
2022-12-03 09:55:20,058 INFO com.netflix.discovery.DiscoveryClient [DiscoveryClient-CacheRefreshExecutor-0] Force full registry fetch : false
2022-12-03 09:55:20,058 INFO com.netflix.discovery.DiscoveryClient [DiscoveryClient-CacheRefreshExecutor-0] Application is null : false
2022-12-03 09:55:20,058 INFO com.netflix.discovery.DiscoveryClient [DiscoveryClient-CacheRefreshExecutor-0] Registered Applications size is zero : true
2022-12-03 09:55:20,059 INFO com.netflix.discovery.DiscoveryClient [DiscoveryClient-CacheRefreshExecutor-0] Application version is -1: false
2022-12-03 09:55:20,059 INFO com.netflix.discovery.DiscoveryClient [DiscoveryClient-CacheRefreshExecutor-0] Getting all instance registry info from the eureka server
2022-12-03 09:55:20,071 INFO com.netflix.discovery.DiscoveryClient [DiscoveryClient-CacheRefreshExecutor-0] The response status is 200
2022-12-03 09:59:49,514 INFO com.netflix.discovery.shared.resolver.aws.ConfigClusterResolver [AsyncResolver-bootstrap-executor-0] Resolving eureka endpoints via configuration
2022-12-03 10:04:49,517 INFO com.netflix.discovery.shared.resolver.aws.ConfigClusterResolver [AsyncResolver-bootstrap-executor-0] Resolving eureka endpoints via configuration
2022-12-03 10:09:49,523 INFO com.netflix.discovery.shared.resolver.aws.ConfigClusterResolver [AsyncResolver-bootstrap-executor-0] Resolving eureka endpoints via configuration
2022-12-03 10:14:49,528 INFO com.netflix.discovery.shared.resolver.aws.ConfigClusterResolver [AsyncResolver-bootstrap-executor-0] Resolving eureka endpoints via configuration
2022-12-03 10:19:49,542 INFO com.netflix.discovery.shared.resolver.aws.ConfigClusterResolver [AsyncResolver-bootstrap-executor-0] Resolving eureka endpoints via configuration
2022-12-03 10:24:49,552 INFO com.netflix.discovery.shared.resolver.aws.ConfigClusterResolver [AsyncResolver-bootstrap-executor-0] Resolving eureka endpoints via configuration
2022-12-03 10:29:49,566 INFO com.netflix.discovery.shared.resolver.aws.ConfigClusterResolver [AsyncResolver-bootstrap-executor-0] Resolving eureka endpoints via configuration
2022-12-03 10:34:49,578 INFO com.netflix.discovery.shared.resolver.aws.ConfigClusterResolver [AsyncResolver-bootstrap-executor-0] Resolving eureka endpoints via configuration
2022-12-03 10:39:49,584 INFO com.netflix.discovery.shared.resolver.aws.ConfigClusterResolver [AsyncResolver-bootstrap-executor-0] Resolving eureka endpoints via configuration
2022-12-03 10:44:49,595 INFO com.netflix.discovery.shared.resolver.aws.ConfigClusterResolver [AsyncResolver-bootstrap-executor-0] Resolving eureka endpoints via configuration
2022-12-03 10:49:49,609 INFO com.netflix.discovery.shared.resolver.aws.ConfigClusterResolver [AsyncResolver-bootstrap-executor-0] Resolving eureka endpoints via configuration
2022-12-03 10:54:49,619 INFO com.netflix.discovery.shared.resolver.aws.ConfigClusterResolver [AsyncResolver-bootstrap-executor-0] Resolving eureka endpoints via configuration
2022-12-03 10:59:49,623 INFO com.netflix.discovery.shared.resolver.aws.ConfigClusterResolver [AsyncResolver-bootstrap-executor-0] Resolving eureka endpoints via configuration
2022-12-03 11:04:49,635 INFO com.netflix.discovery.shared.resolver.aws.ConfigClusterResolver [AsyncResolver-bootstrap-executor-0] Resolving eureka endpoints via configuration
2022-12-03 11:09:49,652 INFO com.netflix.discovery.shared.resolver.aws.ConfigClusterResolver [AsyncResolver-bootstrap-executor-0] Resolving eureka endpoints via configuration
2022-12-03 11:14:49,664 INFO com.netflix.discovery.shared.resolver.aws.ConfigClusterResolver [AsyncResolver-bootstrap-executor-0] Resolving eureka endpoints via configuration
2022-12-03 11:19:49,680 INFO com.netflix.discovery.shared.resolver.aws.ConfigClusterResolver [AsyncResolver-bootstrap-executor-0] Resolving eureka endpoints via configuration
2022-12-03 11:24:49,686 INFO com.netflix.discovery.shared.resolver.aws.ConfigClusterResolver [AsyncResolver-bootstrap-executor-0] Resolving eureka endpoints via configuration
2022-12-03 11:29:49,700 INFO com.netflix.discovery.shared.resolver.aws.ConfigClusterResolver [AsyncResolver-bootstrap-executor-0] Resolving eureka endpoints via configuration
2022-12-03 11:34:49,716 INFO com.netflix.discovery.shared.resolver.aws.ConfigClusterResolver [AsyncResolver-bootstrap-executor-0] Resolving eureka endpoints via configuration
2022-12-03 11:39:49,732 INFO com.netflix.discovery.shared.resolver.aws.ConfigClusterResolver [AsyncResolver-bootstrap-executor-0] Resolving eureka endpoints via configuration
2022-12-03 11:44:49,742 INFO com.netflix.discovery.shared.resolver.aws.ConfigClusterResolver [AsyncResolver-bootstrap-executor-0] Resolving eureka endpoints via configuration
2022-12-03 11:49:49,751 INFO com.netflix.discovery.shared.resolver.aws.ConfigClusterResolver [AsyncResolver-bootstrap-executor-0] Resolving eureka endpoints via configuration
2022-12-03 11:54:49,765 INFO com.netflix.discovery.shared.resolver.aws.ConfigClusterResolver [AsyncResolver-bootstrap-executor-0] Resolving eureka endpoints via configuration
2022-12-03 11:59:49,780 INFO com.netflix.discovery.shared.resolver.aws.ConfigClusterResolver [AsyncResolver-bootstrap-executor-0] Resolving eureka endpoints via configuration
2022-12-03 12:04:49,797 INFO com.netflix.discovery.shared.resolver.aws.ConfigClusterResolver [AsyncResolver-bootstrap-executor-0] Resolving eureka endpoints via configuration
2022-12-03 12:09:49,801 INFO com.netflix.discovery.shared.resolver.aws.ConfigClusterResolver [AsyncResolver-bootstrap-executor-0] Resolving eureka endpoints via configuration
2022-12-03 12:14:49,803 INFO com.netflix.discovery.shared.resolver.aws.ConfigClusterResolver [AsyncResolver-bootstrap-executor-0] Resolving eureka endpoints via configuration
2022-12-03 12:19:49,817 INFO com.netflix.discovery.shared.resolver.aws.ConfigClusterResolver [AsyncResolver-bootstrap-executor-0] Resolving eureka endpoints via configuration
2022-12-03 12:24:49,829 INFO com.netflix.discovery.shared.resolver.aws.ConfigClusterResolver [AsyncResolver-bootstrap-executor-0] Resolving eureka endpoints via configuration
2022-12-03 12:29:49,834 INFO com.netflix.discovery.shared.resolver.aws.ConfigClusterResolver [AsyncResolver-bootstrap-executor-0] Resolving eureka endpoints via configuration
2022-12-03 12:34:49,844 INFO com.netflix.discovery.shared.resolver.aws.ConfigClusterResolver [AsyncResolver-bootstrap-executor-0] Resolving eureka endpoints via configuration
2022-12-03 12:39:49,863 INFO com.netflix.discovery.shared.resolver.aws.ConfigClusterResolver [AsyncResolver-bootstrap-executor-0] Resolving eureka endpoints via configuration
2022-12-03 12:44:49,874 INFO com.netflix.discovery.shared.resolver.aws.ConfigClusterResolver [AsyncResolver-bootstrap-executor-0] Resolving eureka endpoints via configuration
2022-12-03 12:49:49,881 INFO com.netflix.discovery.shared.resolver.aws.ConfigClusterResolver [AsyncResolver-bootstrap-executor-0] Resolving eureka endpoints via configuration
2022-12-03 12:54:49,887 INFO com.netflix.discovery.shared.resolver.aws.ConfigClusterResolver [AsyncResolver-bootstrap-executor-0] Resolving eureka endpoints via configuration
2022-12-03 12:59:49,893 INFO com.netflix.discovery.shared.resolver.aws.ConfigClusterResolver [AsyncResolver-bootstrap-executor-0] Resolving eureka endpoints via configuration
